{"name": "Choosing an item from the Blazers Collection", "status": "broken", "statusDetails": {"message": "selenium.common.exceptions.TimeoutException: Message: \nStacktrace:\n\tGetHandleVerifier [0x00007FF6A41A7012+3522402]\n\t(No symbol) [0x00007FF6A3DC8352]\n\t(No symbol) [0x00007FF6A3C75ABB]\n\t(No symbol) [0x00007FF6A3CBBF0E]\n\t(No symbol) [0x00007FF6A3CBC08C]\n\t(No symbol) [0x00007FF6A3CFE437]\n\t(No symbol) [0x00007FF6A3CDF09F]\n\t(No symbol) [0x00007FF6A3CFBDA3]\n\t(No symbol) [0x00007FF6A3CDEE03]\n\t(No symbol) [0x00007FF6A3CAF4D4]\n\t(No symbol) [0x00007FF6A3CB05F1]\n\tGetHandleVerifier [0x00007FF6A41D9B9D+3730157]\n\tGetHandleVerifier [0x00007FF6A422F02D+4079485]\n\tGetHandleVerifier [0x00007FF6A42275D3+4048163]\n\tGetHandleVerifier [0x00007FF6A3EFA649+718233]\n\t(No symbol) [0x00007FF6A3DD4A3F]\n\t(No symbol) [0x00007FF6A3DCFA94]\n\t(No symbol) [0x00007FF6A3DCFBC2]\n\t(No symbol) [0x00007FF6A3DBF2E4]\n\tBaseThreadInitThunk [0x00007FFDC91C7344+20]\n\tRtlUserThreadStart [0x00007FFDCA8626B1+33]", "trace": "self = <select_item.TestSelectItem object at 0x000002276D786780>\n\n    @allure.title('Choosing an item from the Blazers Collection')\n    @allure.description('Verify selection of an item from the blazers collection.')\n    @allure.severity(allure.severity_level.NORMAL)\n    def test_select_item_from_blazers(self):\n        allure.attach(\n            'This test verifies the selection of an item from the blazers collection.',\n            'Test Description'\n        )\n        with allure.step(\"Choose an item from the blazers collection\"):\n>           self.products_page.select_item(Items.STRETCH_COTTON_BLAZER)\n\nselect_item.py:43: \n_ _ _ _ _ _ _ _ _ _ _ _ _ _ _ _ _ _ _ _ _ _ _ _ _ _ _ _ _ _ _ _ _ _ _ _ _ _ _ _\n..\\..\\pages\\products_page.py:33: in select_item\n    self.click((By.CSS_SELECTOR, f'img[alt=\"{item}\"]'))\n..\\..\\pages\\base_page.py:33: in click\n    self.wait_for_element(locator).click()\n..\\..\\pages\\base_page.py:20: in wait_for_element\n    return WebDriverWait(self.driver, 10).until(ec.presence_of_element_located(locator))\n_ _ _ _ _ _ _ _ _ _ _ _ _ _ _ _ _ _ _ _ _ _ _ _ _ _ _ _ _ _ _ _ _ _ _ _ _ _ _ _\n\nself = <selenium.webdriver.support.wait.WebDriverWait (session=\"9f87901247658bd41569264ff8d50afa\")>\nmethod = <function presence_of_element_located.<locals>._predicate at 0x000002276D82C720>\nmessage = ''\n\n    def until(self, method, message: str = \"\"):\n        \"\"\"Calls the method provided with the driver as an argument until the \\\n        return value does not evaluate to ``False``.\n    \n        :param method: callable(WebDriver)\n        :param message: optional message for :exc:`TimeoutException`\n        :returns: the result of the last call to `method`\n        :raises: :exc:`selenium.common.exceptions.TimeoutException` if timeout occurs\n        \"\"\"\n        screen = None\n        stacktrace = None\n    \n        end_time = time.monotonic() + self._timeout\n        while True:\n            try:\n                value = method(self._driver)\n                if value:\n                    return value\n            except self._ignored_exceptions as exc:\n                screen = getattr(exc, \"screen\", None)\n                stacktrace = getattr(exc, \"stacktrace\", None)\n            time.sleep(self._poll)\n            if time.monotonic() > end_time:\n                break\n>       raise TimeoutException(message, screen, stacktrace)\nE       selenium.common.exceptions.TimeoutException: Message: \nE       Stacktrace:\nE       \tGetHandleVerifier [0x00007FF6A41A7012+3522402]\nE       \t(No symbol) [0x00007FF6A3DC8352]\nE       \t(No symbol) [0x00007FF6A3C75ABB]\nE       \t(No symbol) [0x00007FF6A3CBBF0E]\nE       \t(No symbol) [0x00007FF6A3CBC08C]\nE       \t(No symbol) [0x00007FF6A3CFE437]\nE       \t(No symbol) [0x00007FF6A3CDF09F]\nE       \t(No symbol) [0x00007FF6A3CFBDA3]\nE       \t(No symbol) [0x00007FF6A3CDEE03]\nE       \t(No symbol) [0x00007FF6A3CAF4D4]\nE       \t(No symbol) [0x00007FF6A3CB05F1]\nE       \tGetHandleVerifier [0x00007FF6A41D9B9D+3730157]\nE       \tGetHandleVerifier [0x00007FF6A422F02D+4079485]\nE       \tGetHandleVerifier [0x00007FF6A42275D3+4048163]\nE       \tGetHandleVerifier [0x00007FF6A3EFA649+718233]\nE       \t(No symbol) [0x00007FF6A3DD4A3F]\nE       \t(No symbol) [0x00007FF6A3DCFA94]\nE       \t(No symbol) [0x00007FF6A3DCFBC2]\nE       \t(No symbol) [0x00007FF6A3DBF2E4]\nE       \tBaseThreadInitThunk [0x00007FFDC91C7344+20]\nE       \tRtlUserThreadStart [0x00007FFDCA8626B1+33]\n\n..\\..\\venv\\Lib\\site-packages\\selenium\\webdriver\\support\\wait.py:95: TimeoutException"}, "description": "Verify selection of an item from the blazers collection.", "steps": [{"name": "Choose an item from the blazers collection", "status": "broken", "statusDetails": {"message": "selenium.common.exceptions.TimeoutException: Message: \nStacktrace:\n\tGetHandleVerifier [0x00007FF6A41A7012+3522402]\n\t(No symbol) [0x00007FF6A3DC8352]\n\t(No symbol) [0x00007FF6A3C75ABB]\n\t(No symbol) [0x00007FF6A3CBBF0E]\n\t(No symbol) [0x00007FF6A3CBC08C]\n\t(No symbol) [0x00007FF6A3CFE437]\n\t(No symbol) [0x00007FF6A3CDF09F]\n\t(No symbol) [0x00007FF6A3CFBDA3]\n\t(No symbol) [0x00007FF6A3CDEE03]\n\t(No symbol) [0x00007FF6A3CAF4D4]\n\t(No symbol) [0x00007FF6A3CB05F1]\n\tGetHandleVerifier [0x00007FF6A41D9B9D+3730157]\n\tGetHandleVerifier [0x00007FF6A422F02D+4079485]\n\tGetHandleVerifier [0x00007FF6A42275D3+4048163]\n\tGetHandleVerifier [0x00007FF6A3EFA649+718233]\n\t(No symbol) [0x00007FF6A3DD4A3F]\n\t(No symbol) [0x00007FF6A3DCFA94]\n\t(No symbol) [0x00007FF6A3DCFBC2]\n\t(No symbol) [0x00007FF6A3DBF2E4]\n\tBaseThreadInitThunk [0x00007FFDC91C7344+20]\n\tRtlUserThreadStart [0x00007FFDCA8626B1+33]\n\n", "trace": "  File \"C:\\Users\\achiy\\Desktop\\MadisonWeb_auto\\MadisonWeb\\tests\\products\\select_item.py\", line 43, in test_select_item_from_blazers\n    self.products_page.select_item(Items.STRETCH_COTTON_BLAZER)\n  File \"C:\\Users\\achiy\\Desktop\\MadisonWeb_auto\\MadisonWeb\\venv\\Lib\\site-packages\\allure_commons\\_allure.py\", line 192, in impl\n    return func(*a, **kw)\n           ^^^^^^^^^^^^^^\n  File \"C:\\Users\\achiy\\Desktop\\MadisonWeb_auto\\MadisonWeb\\pages\\products_page.py\", line 33, in select_item\n    self.click((By.CSS_SELECTOR, f'img[alt=\"{item}\"]'))\n  File \"C:\\Users\\achiy\\Desktop\\MadisonWeb_auto\\MadisonWeb\\pages\\base_page.py\", line 33, in click\n    self.wait_for_element(locator).click()\n    ^^^^^^^^^^^^^^^^^^^^^^^^^^^^^^\n  File \"C:\\Users\\achiy\\Desktop\\MadisonWeb_auto\\MadisonWeb\\pages\\base_page.py\", line 20, in wait_for_element\n    return WebDriverWait(self.driver, 10).until(ec.presence_of_element_located(locator))\n           ^^^^^^^^^^^^^^^^^^^^^^^^^^^^^^^^^^^^^^^^^^^^^^^^^^^^^^^^^^^^^^^^^^^^^^^^^^^^^\n  File \"C:\\Users\\achiy\\Desktop\\MadisonWeb_auto\\MadisonWeb\\venv\\Lib\\site-packages\\selenium\\webdriver\\support\\wait.py\", line 95, in until\n    raise TimeoutException(message, screen, stacktrace)\n"}, "steps": [{"name": "Click on the ''Stretch Cotton Blazer'' item", "status": "broken", "statusDetails": {"message": "selenium.common.exceptions.TimeoutException: Message: \nStacktrace:\n\tGetHandleVerifier [0x00007FF6A41A7012+3522402]\n\t(No symbol) [0x00007FF6A3DC8352]\n\t(No symbol) [0x00007FF6A3C75ABB]\n\t(No symbol) [0x00007FF6A3CBBF0E]\n\t(No symbol) [0x00007FF6A3CBC08C]\n\t(No symbol) [0x00007FF6A3CFE437]\n\t(No symbol) [0x00007FF6A3CDF09F]\n\t(No symbol) [0x00007FF6A3CFBDA3]\n\t(No symbol) [0x00007FF6A3CDEE03]\n\t(No symbol) [0x00007FF6A3CAF4D4]\n\t(No symbol) [0x00007FF6A3CB05F1]\n\tGetHandleVerifier [0x00007FF6A41D9B9D+3730157]\n\tGetHandleVerifier [0x00007FF6A422F02D+4079485]\n\tGetHandleVerifier [0x00007FF6A42275D3+4048163]\n\tGetHandleVerifier [0x00007FF6A3EFA649+718233]\n\t(No symbol) [0x00007FF6A3DD4A3F]\n\t(No symbol) [0x00007FF6A3DCFA94]\n\t(No symbol) [0x00007FF6A3DCFBC2]\n\t(No symbol) [0x00007FF6A3DBF2E4]\n\tBaseThreadInitThunk [0x00007FFDC91C7344+20]\n\tRtlUserThreadStart [0x00007FFDCA8626B1+33]\n\n", "trace": "  File \"C:\\Users\\achiy\\Desktop\\MadisonWeb_auto\\MadisonWeb\\venv\\Lib\\site-packages\\allure_commons\\_allure.py\", line 192, in impl\n    return func(*a, **kw)\n           ^^^^^^^^^^^^^^\n  File \"C:\\Users\\achiy\\Desktop\\MadisonWeb_auto\\MadisonWeb\\pages\\products_page.py\", line 33, in select_item\n    self.click((By.CSS_SELECTOR, f'img[alt=\"{item}\"]'))\n  File \"C:\\Users\\achiy\\Desktop\\MadisonWeb_auto\\MadisonWeb\\pages\\base_page.py\", line 33, in click\n    self.wait_for_element(locator).click()\n    ^^^^^^^^^^^^^^^^^^^^^^^^^^^^^^\n  File \"C:\\Users\\achiy\\Desktop\\MadisonWeb_auto\\MadisonWeb\\pages\\base_page.py\", line 20, in wait_for_element\n    return WebDriverWait(self.driver, 10).until(ec.presence_of_element_located(locator))\n           ^^^^^^^^^^^^^^^^^^^^^^^^^^^^^^^^^^^^^^^^^^^^^^^^^^^^^^^^^^^^^^^^^^^^^^^^^^^^^\n  File \"C:\\Users\\achiy\\Desktop\\MadisonWeb_auto\\MadisonWeb\\venv\\Lib\\site-packages\\selenium\\webdriver\\support\\wait.py\", line 95, in until\n    raise TimeoutException(message, screen, stacktrace)\n"}, "parameters": [{"name": "item", "value": "'Stretch Cotton Blazer'"}], "start": 1708393442192, "stop": 1708393452499}], "start": 1708393442192, "stop": 1708393452502}], "attachments": [{"name": "Test Description", "source": "d4295529-997a-40a3-9745-0a2cc47352d3-attachment.attach"}], "start": 1708393442191, "stop": 1708393452503, "uuid": "d39599f0-ec37-4fce-847c-a106968818eb", "historyId": "22e8468c3f3541d86806481b094eae60", "testCaseId": "22e8468c3f3541d86806481b094eae60", "fullName": "select_item.TestSelectItem#test_select_item_from_blazers", "labels": [{"name": "severity", "value": "normal"}, {"name": "story", "value": "Selecting Items"}, {"name": "epic", "value": "User Shopping"}, {"name": "feature", "value": "Product Selection"}, {"name": "suite", "value": "select_item"}, {"name": "subSuite", "value": "TestSelectItem"}, {"name": "host", "value": "LAPTOP-V5QEKNGK"}, {"name": "thread", "value": "14332-MainThread"}, {"name": "framework", "value": "pytest"}, {"name": "language", "value": "cpython3"}, {"name": "package", "value": "select_item"}]}