{"name": "Go to cart", "status": "broken", "statusDetails": {"message": "selenium.common.exceptions.TimeoutException: Message: \nStacktrace:\n\tGetHandleVerifier [0x00007FF6A41A7012+3522402]\n\t(No symbol) [0x00007FF6A3DC8352]\n\t(No symbol) [0x00007FF6A3C75ABB]\n\t(No symbol) [0x00007FF6A3CBBF0E]\n\t(No symbol) [0x00007FF6A3CBC08C]\n\t(No symbol) [0x00007FF6A3CFE437]\n\t(No symbol) [0x00007FF6A3CDF09F]\n\t(No symbol) [0x00007FF6A3CFBDA3]\n\t(No symbol) [0x00007FF6A3CDEE03]\n\t(No symbol) [0x00007FF6A3CAF4D4]\n\t(No symbol) [0x00007FF6A3CB05F1]\n\tGetHandleVerifier [0x00007FF6A41D9B9D+3730157]\n\tGetHandleVerifier [0x00007FF6A422F02D+4079485]\n\tGetHandleVerifier [0x00007FF6A42275D3+4048163]\n\tGetHandleVerifier [0x00007FF6A3EFA649+718233]\n\t(No symbol) [0x00007FF6A3DD4A3F]\n\t(No symbol) [0x00007FF6A3DCFA94]\n\t(No symbol) [0x00007FF6A3DCFBC2]\n\t(No symbol) [0x00007FF6A3DBF2E4]\n\tBaseThreadInitThunk [0x00007FFDC91C7344+20]\n\tRtlUserThreadStart [0x00007FFDCA8626B1+33]", "trace": "self = <go_to_cart.TestGoToCart object at 0x00000208B622B620>\n\n    @allure.title('Go to cart')\n    @allure.description('Verify navigation to the cart after adding an item.')\n    @allure.severity(allure.severity_level.NORMAL)\n    def test_go_to_cart(self):\n        allure.attach(\n            'This test verifies the navigation to the cart after adding an item.',\n            'Test Description'\n        )\n        with allure.step(\"Navigate to the collection and select a specific item\"):\n            self.home_page.select_mens_collection(MensCollection.SHIRTS)\n            self.products_page.select_item(Items.PLAID_COTTON_SHIRT)\n    \n        with allure.step(\"Select color and size, and add the item to the cart\"):\n            self.item_page.select_color(Color.CHARCOAL)\n            self.item_page.select_size(Size.XL)\n            # self.item_page.click_add_to_cart()\n    \n        with allure.step(\"Verify the title of the cart page\"):\n>           assert self.cart_page.get_title() == TitlePage.CART\n\ngo_to_cart.py:40: \n_ _ _ _ _ _ _ _ _ _ _ _ _ _ _ _ _ _ _ _ _ _ _ _ _ _ _ _ _ _ _ _ _ _ _ _ _ _ _ _\n..\\..\\pages\\cart_page.py:25: in get_title\n    return self.get_text(self.TITLE_TXT)\n..\\..\\pages\\base_page.py:45: in get_text\n    return self.wait_for_element(locator).text\n..\\..\\pages\\base_page.py:20: in wait_for_element\n    return WebDriverWait(self.driver, 10).until(ec.presence_of_element_located(locator))\n_ _ _ _ _ _ _ _ _ _ _ _ _ _ _ _ _ _ _ _ _ _ _ _ _ _ _ _ _ _ _ _ _ _ _ _ _ _ _ _\n\nself = <selenium.webdriver.support.wait.WebDriverWait (session=\"7231bd8a7892e282fb48012b558fc391\")>\nmethod = <function presence_of_element_located.<locals>._predicate at 0x00000208B6335BC0>\nmessage = ''\n\n    def until(self, method, message: str = \"\"):\n        \"\"\"Calls the method provided with the driver as an argument until the \\\n        return value does not evaluate to ``False``.\n    \n        :param method: callable(WebDriver)\n        :param message: optional message for :exc:`TimeoutException`\n        :returns: the result of the last call to `method`\n        :raises: :exc:`selenium.common.exceptions.TimeoutException` if timeout occurs\n        \"\"\"\n        screen = None\n        stacktrace = None\n    \n        end_time = time.monotonic() + self._timeout\n        while True:\n            try:\n                value = method(self._driver)\n                if value:\n                    return value\n            except self._ignored_exceptions as exc:\n                screen = getattr(exc, \"screen\", None)\n                stacktrace = getattr(exc, \"stacktrace\", None)\n            time.sleep(self._poll)\n            if time.monotonic() > end_time:\n                break\n>       raise TimeoutException(message, screen, stacktrace)\nE       selenium.common.exceptions.TimeoutException: Message: \nE       Stacktrace:\nE       \tGetHandleVerifier [0x00007FF6A41A7012+3522402]\nE       \t(No symbol) [0x00007FF6A3DC8352]\nE       \t(No symbol) [0x00007FF6A3C75ABB]\nE       \t(No symbol) [0x00007FF6A3CBBF0E]\nE       \t(No symbol) [0x00007FF6A3CBC08C]\nE       \t(No symbol) [0x00007FF6A3CFE437]\nE       \t(No symbol) [0x00007FF6A3CDF09F]\nE       \t(No symbol) [0x00007FF6A3CFBDA3]\nE       \t(No symbol) [0x00007FF6A3CDEE03]\nE       \t(No symbol) [0x00007FF6A3CAF4D4]\nE       \t(No symbol) [0x00007FF6A3CB05F1]\nE       \tGetHandleVerifier [0x00007FF6A41D9B9D+3730157]\nE       \tGetHandleVerifier [0x00007FF6A422F02D+4079485]\nE       \tGetHandleVerifier [0x00007FF6A42275D3+4048163]\nE       \tGetHandleVerifier [0x00007FF6A3EFA649+718233]\nE       \t(No symbol) [0x00007FF6A3DD4A3F]\nE       \t(No symbol) [0x00007FF6A3DCFA94]\nE       \t(No symbol) [0x00007FF6A3DCFBC2]\nE       \t(No symbol) [0x00007FF6A3DBF2E4]\nE       \tBaseThreadInitThunk [0x00007FFDC91C7344+20]\nE       \tRtlUserThreadStart [0x00007FFDCA8626B1+33]\n\n..\\..\\venv\\Lib\\site-packages\\selenium\\webdriver\\support\\wait.py:95: TimeoutException"}, "description": "Verify navigation to the cart after adding an item.", "steps": [{"name": "Navigate to the collection and select a specific item", "status": "passed", "steps": [{"name": "Click on the ''Shirts'' Link", "status": "passed", "parameters": [{"name": "collection", "value": "'Shirts'"}], "start": 1708392184559, "stop": 1708392186335}, {"name": "Click on the ''Plaid Cotton Shirt'' item", "status": "passed", "parameters": [{"name": "item", "value": "'Plaid Cotton Shirt'"}], "start": 1708392186335, "stop": 1708392188348}], "start": 1708392184559, "stop": 1708392188348}, {"name": "Select color and size, and add the item to the cart", "status": "passed", "steps": [{"name": "Click on the ''Charcoal'' item", "status": "passed", "parameters": [{"name": "color", "value": "'Charcoal'"}], "start": 1708392188348, "stop": 1708392188415}, {"name": "Click on the ''XL'' item", "status": "passed", "parameters": [{"name": "size", "value": "'XL'"}], "start": 1708392188415, "stop": 1708392188472}], "start": 1708392188348, "stop": 1708392188472}, {"name": "Verify the title of the cart page", "status": "broken", "statusDetails": {"message": "selenium.common.exceptions.TimeoutException: Message: \nStacktrace:\n\tGetHandleVerifier [0x00007FF6A41A7012+3522402]\n\t(No symbol) [0x00007FF6A3DC8352]\n\t(No symbol) [0x00007FF6A3C75ABB]\n\t(No symbol) [0x00007FF6A3CBBF0E]\n\t(No symbol) [0x00007FF6A3CBC08C]\n\t(No symbol) [0x00007FF6A3CFE437]\n\t(No symbol) [0x00007FF6A3CDF09F]\n\t(No symbol) [0x00007FF6A3CFBDA3]\n\t(No symbol) [0x00007FF6A3CDEE03]\n\t(No symbol) [0x00007FF6A3CAF4D4]\n\t(No symbol) [0x00007FF6A3CB05F1]\n\tGetHandleVerifier [0x00007FF6A41D9B9D+3730157]\n\tGetHandleVerifier [0x00007FF6A422F02D+4079485]\n\tGetHandleVerifier [0x00007FF6A42275D3+4048163]\n\tGetHandleVerifier [0x00007FF6A3EFA649+718233]\n\t(No symbol) [0x00007FF6A3DD4A3F]\n\t(No symbol) [0x00007FF6A3DCFA94]\n\t(No symbol) [0x00007FF6A3DCFBC2]\n\t(No symbol) [0x00007FF6A3DBF2E4]\n\tBaseThreadInitThunk [0x00007FFDC91C7344+20]\n\tRtlUserThreadStart [0x00007FFDCA8626B1+33]\n\n", "trace": "  File \"C:\\Users\\achiy\\Desktop\\MadisonWeb_auto\\MadisonWeb\\tests\\cart\\go_to_cart.py\", line 40, in test_go_to_cart\n    assert self.cart_page.get_title() == TitlePage.CART\n  File \"C:\\Users\\achiy\\Desktop\\MadisonWeb_auto\\MadisonWeb\\venv\\Lib\\site-packages\\allure_commons\\_allure.py\", line 192, in impl\n    return func(*a, **kw)\n           ^^^^^^^^^^^^^^\n  File \"C:\\Users\\achiy\\Desktop\\MadisonWeb_auto\\MadisonWeb\\pages\\cart_page.py\", line 25, in get_title\n    return self.get_text(self.TITLE_TXT)\n           ^^^^^^^^^^^^^^^^^^^^^^^^^^^^^\n  File \"C:\\Users\\achiy\\Desktop\\MadisonWeb_auto\\MadisonWeb\\pages\\base_page.py\", line 45, in get_text\n    return self.wait_for_element(locator).text\n           ^^^^^^^^^^^^^^^^^^^^^^^^^^^^^^\n  File \"C:\\Users\\achiy\\Desktop\\MadisonWeb_auto\\MadisonWeb\\pages\\base_page.py\", line 20, in wait_for_element\n    return WebDriverWait(self.driver, 10).until(ec.presence_of_element_located(locator))\n           ^^^^^^^^^^^^^^^^^^^^^^^^^^^^^^^^^^^^^^^^^^^^^^^^^^^^^^^^^^^^^^^^^^^^^^^^^^^^^\n  File \"C:\\Users\\achiy\\Desktop\\MadisonWeb_auto\\MadisonWeb\\venv\\Lib\\site-packages\\selenium\\webdriver\\support\\wait.py\", line 95, in until\n    raise TimeoutException(message, screen, stacktrace)\n"}, "steps": [{"name": "Get cart title", "status": "broken", "statusDetails": {"message": "selenium.common.exceptions.TimeoutException: Message: \nStacktrace:\n\tGetHandleVerifier [0x00007FF6A41A7012+3522402]\n\t(No symbol) [0x00007FF6A3DC8352]\n\t(No symbol) [0x00007FF6A3C75ABB]\n\t(No symbol) [0x00007FF6A3CBBF0E]\n\t(No symbol) [0x00007FF6A3CBC08C]\n\t(No symbol) [0x00007FF6A3CFE437]\n\t(No symbol) [0x00007FF6A3CDF09F]\n\t(No symbol) [0x00007FF6A3CFBDA3]\n\t(No symbol) [0x00007FF6A3CDEE03]\n\t(No symbol) [0x00007FF6A3CAF4D4]\n\t(No symbol) [0x00007FF6A3CB05F1]\n\tGetHandleVerifier [0x00007FF6A41D9B9D+3730157]\n\tGetHandleVerifier [0x00007FF6A422F02D+4079485]\n\tGetHandleVerifier [0x00007FF6A42275D3+4048163]\n\tGetHandleVerifier [0x00007FF6A3EFA649+718233]\n\t(No symbol) [0x00007FF6A3DD4A3F]\n\t(No symbol) [0x00007FF6A3DCFA94]\n\t(No symbol) [0x00007FF6A3DCFBC2]\n\t(No symbol) [0x00007FF6A3DBF2E4]\n\tBaseThreadInitThunk [0x00007FFDC91C7344+20]\n\tRtlUserThreadStart [0x00007FFDCA8626B1+33]\n\n", "trace": "  File \"C:\\Users\\achiy\\Desktop\\MadisonWeb_auto\\MadisonWeb\\venv\\Lib\\site-packages\\allure_commons\\_allure.py\", line 192, in impl\n    return func(*a, **kw)\n           ^^^^^^^^^^^^^^\n  File \"C:\\Users\\achiy\\Desktop\\MadisonWeb_auto\\MadisonWeb\\pages\\cart_page.py\", line 25, in get_title\n    return self.get_text(self.TITLE_TXT)\n           ^^^^^^^^^^^^^^^^^^^^^^^^^^^^^\n  File \"C:\\Users\\achiy\\Desktop\\MadisonWeb_auto\\MadisonWeb\\pages\\base_page.py\", line 45, in get_text\n    return self.wait_for_element(locator).text\n           ^^^^^^^^^^^^^^^^^^^^^^^^^^^^^^\n  File \"C:\\Users\\achiy\\Desktop\\MadisonWeb_auto\\MadisonWeb\\pages\\base_page.py\", line 20, in wait_for_element\n    return WebDriverWait(self.driver, 10).until(ec.presence_of_element_located(locator))\n           ^^^^^^^^^^^^^^^^^^^^^^^^^^^^^^^^^^^^^^^^^^^^^^^^^^^^^^^^^^^^^^^^^^^^^^^^^^^^^\n  File \"C:\\Users\\achiy\\Desktop\\MadisonWeb_auto\\MadisonWeb\\venv\\Lib\\site-packages\\selenium\\webdriver\\support\\wait.py\", line 95, in until\n    raise TimeoutException(message, screen, stacktrace)\n"}, "start": 1708392188472, "stop": 1708392198784}], "start": 1708392188472, "stop": 1708392198787}], "attachments": [{"name": "Test Description", "source": "862c9cbd-9503-4969-adf1-b7d11052f151-attachment.attach"}], "start": 1708392184558, "stop": 1708392198789, "uuid": "f5d09a0c-dc71-4f77-90aa-cf18934865f4", "historyId": "18116dce3de0e7bc49f9f64451a1434b", "testCaseId": "18116dce3de0e7bc49f9f64451a1434b", "fullName": "go_to_cart.TestGoToCart#test_go_to_cart", "labels": [{"name": "feature", "value": "cart Management"}, {"name": "severity", "value": "normal"}, {"name": "story", "value": "Navigating to cart"}, {"name": "epic", "value": "User Shopping"}, {"name": "suite", "value": "go_to_cart"}, {"name": "subSuite", "value": "TestGoToCart"}, {"name": "host", "value": "LAPTOP-V5QEKNGK"}, {"name": "thread", "value": "19688-MainThread"}, {"name": "framework", "value": "pytest"}, {"name": "language", "value": "cpython3"}, {"name": "package", "value": "go_to_cart"}]}