{"name": "Empty cart", "status": "broken", "statusDetails": {"message": "selenium.common.exceptions.TimeoutException: Message: \nStacktrace:\n\tGetHandleVerifier [0x00007FF6A41A7012+3522402]\n\t(No symbol) [0x00007FF6A3DC8352]\n\t(No symbol) [0x00007FF6A3C75ABB]\n\t(No symbol) [0x00007FF6A3CBBF0E]\n\t(No symbol) [0x00007FF6A3CBC08C]\n\t(No symbol) [0x00007FF6A3CFE437]\n\t(No symbol) [0x00007FF6A3CDF09F]\n\t(No symbol) [0x00007FF6A3CFBDA3]\n\t(No symbol) [0x00007FF6A3CDEE03]\n\t(No symbol) [0x00007FF6A3CAF4D4]\n\t(No symbol) [0x00007FF6A3CB05F1]\n\tGetHandleVerifier [0x00007FF6A41D9B9D+3730157]\n\tGetHandleVerifier [0x00007FF6A422F02D+4079485]\n\tGetHandleVerifier [0x00007FF6A42275D3+4048163]\n\tGetHandleVerifier [0x00007FF6A3EFA649+718233]\n\t(No symbol) [0x00007FF6A3DD4A3F]\n\t(No symbol) [0x00007FF6A3DCFA94]\n\t(No symbol) [0x00007FF6A3DCFBC2]\n\t(No symbol) [0x00007FF6A3DBF2E4]\n\tBaseThreadInitThunk [0x00007FFDC91C7344+20]\n\tRtlUserThreadStart [0x00007FFDCA8626B1+33]", "trace": "self = <empty_cart.TestEmptyCart object at 0x000001F6D293EE70>\n\n    @allure.title('Empty cart')\n    @allure.description('Verify emptying the cart removes all items.')\n    @allure.severity(allure.severity_level.NORMAL)\n    def test_empty_cart(self):\n        allure.attach(\n            'This test verifies that emptying the cart removes all items.',\n            'Test Description'\n        )\n        with allure.step(\"Navigate to the blazers collection and add an item to the cart\"):\n            self.home_page.select_mens_collection(MensCollection.BLAZERS)\n            self.products_page.select_item(Items.STRETCH_COTTON_BLAZER)\n            self.item_page.select_color(Color.BLUE)\n            self.item_page.select_size(Size.S)\n            # self.item_page.fill_qty_item(\"2\")\n            # self.cart_page.click_empty_cart()\n    \n        with allure.step(\"Verify the empty cart message\"):\n>           assert self.cart_page.get_empty_message() == Message.EMPTY_CART\n\nempty_cart.py:39: \n_ _ _ _ _ _ _ _ _ _ _ _ _ _ _ _ _ _ _ _ _ _ _ _ _ _ _ _ _ _ _ _ _ _ _ _ _ _ _ _\n..\\..\\pages\\cart_page.py:29: in get_empty_message\n    return self.get_text(self.TITLE_TXT)\n..\\..\\pages\\base_page.py:45: in get_text\n    return self.wait_for_element(locator).text\n..\\..\\pages\\base_page.py:20: in wait_for_element\n    return WebDriverWait(self.driver, 10).until(ec.presence_of_element_located(locator))\n_ _ _ _ _ _ _ _ _ _ _ _ _ _ _ _ _ _ _ _ _ _ _ _ _ _ _ _ _ _ _ _ _ _ _ _ _ _ _ _\n\nself = <selenium.webdriver.support.wait.WebDriverWait (session=\"5de14c760f3096eac60f83039aa9980a\")>\nmethod = <function presence_of_element_located.<locals>._predicate at 0x000001F6D2975BC0>\nmessage = ''\n\n    def until(self, method, message: str = \"\"):\n        \"\"\"Calls the method provided with the driver as an argument until the \\\n        return value does not evaluate to ``False``.\n    \n        :param method: callable(WebDriver)\n        :param message: optional message for :exc:`TimeoutException`\n        :returns: the result of the last call to `method`\n        :raises: :exc:`selenium.common.exceptions.TimeoutException` if timeout occurs\n        \"\"\"\n        screen = None\n        stacktrace = None\n    \n        end_time = time.monotonic() + self._timeout\n        while True:\n            try:\n                value = method(self._driver)\n                if value:\n                    return value\n            except self._ignored_exceptions as exc:\n                screen = getattr(exc, \"screen\", None)\n                stacktrace = getattr(exc, \"stacktrace\", None)\n            time.sleep(self._poll)\n            if time.monotonic() > end_time:\n                break\n>       raise TimeoutException(message, screen, stacktrace)\nE       selenium.common.exceptions.TimeoutException: Message: \nE       Stacktrace:\nE       \tGetHandleVerifier [0x00007FF6A41A7012+3522402]\nE       \t(No symbol) [0x00007FF6A3DC8352]\nE       \t(No symbol) [0x00007FF6A3C75ABB]\nE       \t(No symbol) [0x00007FF6A3CBBF0E]\nE       \t(No symbol) [0x00007FF6A3CBC08C]\nE       \t(No symbol) [0x00007FF6A3CFE437]\nE       \t(No symbol) [0x00007FF6A3CDF09F]\nE       \t(No symbol) [0x00007FF6A3CFBDA3]\nE       \t(No symbol) [0x00007FF6A3CDEE03]\nE       \t(No symbol) [0x00007FF6A3CAF4D4]\nE       \t(No symbol) [0x00007FF6A3CB05F1]\nE       \tGetHandleVerifier [0x00007FF6A41D9B9D+3730157]\nE       \tGetHandleVerifier [0x00007FF6A422F02D+4079485]\nE       \tGetHandleVerifier [0x00007FF6A42275D3+4048163]\nE       \tGetHandleVerifier [0x00007FF6A3EFA649+718233]\nE       \t(No symbol) [0x00007FF6A3DD4A3F]\nE       \t(No symbol) [0x00007FF6A3DCFA94]\nE       \t(No symbol) [0x00007FF6A3DCFBC2]\nE       \t(No symbol) [0x00007FF6A3DBF2E4]\nE       \tBaseThreadInitThunk [0x00007FFDC91C7344+20]\nE       \tRtlUserThreadStart [0x00007FFDCA8626B1+33]\n\n..\\..\\venv\\Lib\\site-packages\\selenium\\webdriver\\support\\wait.py:95: TimeoutException"}, "description": "Verify emptying the cart removes all items.", "steps": [{"name": "Navigate to the blazers collection and add an item to the cart", "status": "passed", "steps": [{"name": "Click on the ''Blazers'' Link", "status": "passed", "parameters": [{"name": "collection", "value": "'Blazers'"}], "start": 1708392017878, "stop": 1708392019846}, {"name": "Click on the ''Stretch Cotton Blazer'' item", "status": "passed", "parameters": [{"name": "item", "value": "'Stretch Cotton Blazer'"}], "start": 1708392019846, "stop": 1708392021810}, {"name": "Click on the ''Blue'' item", "status": "passed", "parameters": [{"name": "color", "value": "'Blue'"}], "start": 1708392021810, "stop": 1708392021888}, {"name": "Click on the ''S'' item", "status": "passed", "parameters": [{"name": "size", "value": "'S'"}], "start": 1708392021888, "stop": 1708392021953}], "start": 1708392017878, "stop": 1708392021953}, {"name": "Verify the empty cart message", "status": "broken", "statusDetails": {"message": "selenium.common.exceptions.TimeoutException: Message: \nStacktrace:\n\tGetHandleVerifier [0x00007FF6A41A7012+3522402]\n\t(No symbol) [0x00007FF6A3DC8352]\n\t(No symbol) [0x00007FF6A3C75ABB]\n\t(No symbol) [0x00007FF6A3CBBF0E]\n\t(No symbol) [0x00007FF6A3CBC08C]\n\t(No symbol) [0x00007FF6A3CFE437]\n\t(No symbol) [0x00007FF6A3CDF09F]\n\t(No symbol) [0x00007FF6A3CFBDA3]\n\t(No symbol) [0x00007FF6A3CDEE03]\n\t(No symbol) [0x00007FF6A3CAF4D4]\n\t(No symbol) [0x00007FF6A3CB05F1]\n\tGetHandleVerifier [0x00007FF6A41D9B9D+3730157]\n\tGetHandleVerifier [0x00007FF6A422F02D+4079485]\n\tGetHandleVerifier [0x00007FF6A42275D3+4048163]\n\tGetHandleVerifier [0x00007FF6A3EFA649+718233]\n\t(No symbol) [0x00007FF6A3DD4A3F]\n\t(No symbol) [0x00007FF6A3DCFA94]\n\t(No symbol) [0x00007FF6A3DCFBC2]\n\t(No symbol) [0x00007FF6A3DBF2E4]\n\tBaseThreadInitThunk [0x00007FFDC91C7344+20]\n\tRtlUserThreadStart [0x00007FFDCA8626B1+33]\n\n", "trace": "  File \"C:\\Users\\achiy\\Desktop\\MadisonWeb_auto\\MadisonWeb\\tests\\cart\\empty_cart.py\", line 39, in test_empty_cart\n    assert self.cart_page.get_empty_message() == Message.EMPTY_CART\n  File \"C:\\Users\\achiy\\Desktop\\MadisonWeb_auto\\MadisonWeb\\venv\\Lib\\site-packages\\allure_commons\\_allure.py\", line 192, in impl\n    return func(*a, **kw)\n           ^^^^^^^^^^^^^^\n  File \"C:\\Users\\achiy\\Desktop\\MadisonWeb_auto\\MadisonWeb\\pages\\cart_page.py\", line 29, in get_empty_message\n    return self.get_text(self.TITLE_TXT)\n           ^^^^^^^^^^^^^^^^^^^^^^^^^^^^^\n  File \"C:\\Users\\achiy\\Desktop\\MadisonWeb_auto\\MadisonWeb\\pages\\base_page.py\", line 45, in get_text\n    return self.wait_for_element(locator).text\n           ^^^^^^^^^^^^^^^^^^^^^^^^^^^^^^\n  File \"C:\\Users\\achiy\\Desktop\\MadisonWeb_auto\\MadisonWeb\\pages\\base_page.py\", line 20, in wait_for_element\n    return WebDriverWait(self.driver, 10).until(ec.presence_of_element_located(locator))\n           ^^^^^^^^^^^^^^^^^^^^^^^^^^^^^^^^^^^^^^^^^^^^^^^^^^^^^^^^^^^^^^^^^^^^^^^^^^^^^\n  File \"C:\\Users\\achiy\\Desktop\\MadisonWeb_auto\\MadisonWeb\\venv\\Lib\\site-packages\\selenium\\webdriver\\support\\wait.py\", line 95, in until\n    raise TimeoutException(message, screen, stacktrace)\n"}, "steps": [{"name": "Get 'Empty' message", "status": "broken", "statusDetails": {"message": "selenium.common.exceptions.TimeoutException: Message: \nStacktrace:\n\tGetHandleVerifier [0x00007FF6A41A7012+3522402]\n\t(No symbol) [0x00007FF6A3DC8352]\n\t(No symbol) [0x00007FF6A3C75ABB]\n\t(No symbol) [0x00007FF6A3CBBF0E]\n\t(No symbol) [0x00007FF6A3CBC08C]\n\t(No symbol) [0x00007FF6A3CFE437]\n\t(No symbol) [0x00007FF6A3CDF09F]\n\t(No symbol) [0x00007FF6A3CFBDA3]\n\t(No symbol) [0x00007FF6A3CDEE03]\n\t(No symbol) [0x00007FF6A3CAF4D4]\n\t(No symbol) [0x00007FF6A3CB05F1]\n\tGetHandleVerifier [0x00007FF6A41D9B9D+3730157]\n\tGetHandleVerifier [0x00007FF6A422F02D+4079485]\n\tGetHandleVerifier [0x00007FF6A42275D3+4048163]\n\tGetHandleVerifier [0x00007FF6A3EFA649+718233]\n\t(No symbol) [0x00007FF6A3DD4A3F]\n\t(No symbol) [0x00007FF6A3DCFA94]\n\t(No symbol) [0x00007FF6A3DCFBC2]\n\t(No symbol) [0x00007FF6A3DBF2E4]\n\tBaseThreadInitThunk [0x00007FFDC91C7344+20]\n\tRtlUserThreadStart [0x00007FFDCA8626B1+33]\n\n", "trace": "  File \"C:\\Users\\achiy\\Desktop\\MadisonWeb_auto\\MadisonWeb\\venv\\Lib\\site-packages\\allure_commons\\_allure.py\", line 192, in impl\n    return func(*a, **kw)\n           ^^^^^^^^^^^^^^\n  File \"C:\\Users\\achiy\\Desktop\\MadisonWeb_auto\\MadisonWeb\\pages\\cart_page.py\", line 29, in get_empty_message\n    return self.get_text(self.TITLE_TXT)\n           ^^^^^^^^^^^^^^^^^^^^^^^^^^^^^\n  File \"C:\\Users\\achiy\\Desktop\\MadisonWeb_auto\\MadisonWeb\\pages\\base_page.py\", line 45, in get_text\n    return self.wait_for_element(locator).text\n           ^^^^^^^^^^^^^^^^^^^^^^^^^^^^^^\n  File \"C:\\Users\\achiy\\Desktop\\MadisonWeb_auto\\MadisonWeb\\pages\\base_page.py\", line 20, in wait_for_element\n    return WebDriverWait(self.driver, 10).until(ec.presence_of_element_located(locator))\n           ^^^^^^^^^^^^^^^^^^^^^^^^^^^^^^^^^^^^^^^^^^^^^^^^^^^^^^^^^^^^^^^^^^^^^^^^^^^^^\n  File \"C:\\Users\\achiy\\Desktop\\MadisonWeb_auto\\MadisonWeb\\venv\\Lib\\site-packages\\selenium\\webdriver\\support\\wait.py\", line 95, in until\n    raise TimeoutException(message, screen, stacktrace)\n"}, "start": 1708392021953, "stop": 1708392032268}], "start": 1708392021953, "stop": 1708392032274}], "attachments": [{"name": "Test Description", "source": "177f1fff-e601-4f5c-90cf-995bded36e90-attachment.attach"}], "start": 1708392017876, "stop": 1708392032276, "uuid": "a720dd3f-dc7f-4d10-9a6a-9391f9bc71b9", "historyId": "b1f7d561262209edffa880f9b4de1005", "testCaseId": "b1f7d561262209edffa880f9b4de1005", "fullName": "empty_cart.TestEmptyCart#test_empty_cart", "labels": [{"name": "feature", "value": "cart Management"}, {"name": "story", "value": "Empty cart"}, {"name": "epic", "value": "User Shopping"}, {"name": "severity", "value": "normal"}, {"name": "suite", "value": "empty_cart"}, {"name": "subSuite", "value": "TestEmptyCart"}, {"name": "host", "value": "LAPTOP-V5QEKNGK"}, {"name": "thread", "value": "8012-MainThread"}, {"name": "framework", "value": "pytest"}, {"name": "language", "value": "cpython3"}, {"name": "package", "value": "empty_cart"}]}