{"name": "Submit Review Without Required Fields", "status": "broken", "statusDetails": {"message": "selenium.common.exceptions.ElementNotInteractableException: Message: element not interactable\n  (Session info: chrome=121.0.6167.185)\nStacktrace:\n\tGetHandleVerifier [0x00007FF6A41A7012+3522402]\n\t(No symbol) [0x00007FF6A3DC8352]\n\t(No symbol) [0x00007FF6A3C7596D]\n\t(No symbol) [0x00007FF6A3CBD3C6]\n\t(No symbol) [0x00007FF6A3CB1910]\n\t(No symbol) [0x00007FF6A3CDF05A]\n\t(No symbol) [0x00007FF6A3CB120A]\n\t(No symbol) [0x00007FF6A3CDF270]\n\t(No symbol) [0x00007FF6A3CFBDA3]\n\t(No symbol) [0x00007FF6A3CDEE03]\n\t(No symbol) [0x00007FF6A3CAF4D4]\n\t(No symbol) [0x00007FF6A3CB05F1]\n\tGetHandleVerifier [0x00007FF6A41D9B9D+3730157]\n\tGetHandleVerifier [0x00007FF6A422F02D+4079485]\n\tGetHandleVerifier [0x00007FF6A42275D3+4048163]\n\tGetHandleVerifier [0x00007FF6A3EFA649+718233]\n\t(No symbol) [0x00007FF6A3DD4A3F]\n\t(No symbol) [0x00007FF6A3DCFA94]\n\t(No symbol) [0x00007FF6A3DCFBC2]\n\t(No symbol) [0x00007FF6A3DBF2E4]\n\tBaseThreadInitThunk [0x00007FFDC91C7344+20]\n\tRtlUserThreadStart [0x00007FFDCA8626B1+33]", "trace": "self = <review_required_fields.TestReviewRequiredFields object at 0x000001319A6A6750>\n\n    @allure.title('Submit Review Without Required Fields')\n    @allure.description(\n        'Verify error messages for required fields when submitting a review without filling in mandatory information.')\n    @allure.severity(allure.severity_level.CRITICAL)\n    def test_review_required_fields(self):\n        allure.attach(\n            'This test verifies error messages for required fields when submitting a review.',\n            'Test Description'\n        )\n        with allure.step(\n                \"Navigate to the shirts collection, select an item, and submit review without filling required fields\"):\n            self.home_page.select_mens_collection(MensCollection.SHIRTS)\n            self.products_page.select_item(Items.PLAID_COTTON_SHIRT)\n            # self.item_page.click_review_tab()\n>           self.item_page.click_review_link()\n\nreview_required_fields.py:34: \n_ _ _ _ _ _ _ _ _ _ _ _ _ _ _ _ _ _ _ _ _ _ _ _ _ _ _ _ _ _ _ _ _ _ _ _ _ _ _ _\n..\\..\\pages\\item_page.py:89: in click_review_link\n    self.click(self.REVIEW_LINK)\n..\\..\\pages\\base_page.py:33: in click\n    self.wait_for_element(locator).click()\n..\\..\\venv\\Lib\\site-packages\\selenium\\webdriver\\remote\\webelement.py:94: in click\n    self._execute(Command.CLICK_ELEMENT)\n..\\..\\venv\\Lib\\site-packages\\selenium\\webdriver\\remote\\webelement.py:395: in _execute\n    return self._parent.execute(command, params)\n..\\..\\venv\\Lib\\site-packages\\selenium\\webdriver\\remote\\webdriver.py:345: in execute\n    self.error_handler.check_response(response)\n_ _ _ _ _ _ _ _ _ _ _ _ _ _ _ _ _ _ _ _ _ _ _ _ _ _ _ _ _ _ _ _ _ _ _ _ _ _ _ _\n\nself = <selenium.webdriver.remote.errorhandler.ErrorHandler object at 0x0000013199E29AC0>\nresponse = {'status': 400, 'value': '{\"value\":{\"error\":\"element not interactable\",\"message\":\"element not interactable\\\\n  (Sessio...07FF6A3DBF2E4]\\\\n\\\\tBaseThreadInitThunk [0x00007FFDC91C7344+20]\\\\n\\\\tRtlUserThreadStart [0x00007FFDCA8626B1+33]\\\\n\"}}'}\n\n    def check_response(self, response: Dict[str, Any]) -> None:\n        \"\"\"Checks that a JSON response from the WebDriver does not have an\n        error.\n    \n        :Args:\n         - response - The JSON response from the WebDriver server as a dictionary\n           object.\n    \n        :Raises: If the response contains an error message.\n        \"\"\"\n        status = response.get(\"status\", None)\n        if not status or status == ErrorCode.SUCCESS:\n            return\n        value = None\n        message = response.get(\"message\", \"\")\n        screen: str = response.get(\"screen\", \"\")\n        stacktrace = None\n        if isinstance(status, int):\n            value_json = response.get(\"value\", None)\n            if value_json and isinstance(value_json, str):\n                import json\n    \n                try:\n                    value = json.loads(value_json)\n                    if len(value) == 1:\n                        value = value[\"value\"]\n                    status = value.get(\"error\", None)\n                    if not status:\n                        status = value.get(\"status\", ErrorCode.UNKNOWN_ERROR)\n                        message = value.get(\"value\") or value.get(\"message\")\n                        if not isinstance(message, str):\n                            value = message\n                            message = message.get(\"message\")\n                    else:\n                        message = value.get(\"message\", None)\n                except ValueError:\n                    pass\n    \n        exception_class: Type[WebDriverException]\n        e = ErrorCode()\n        error_codes = [item for item in dir(e) if not item.startswith(\"__\")]\n        for error_code in error_codes:\n            error_info = getattr(ErrorCode, error_code)\n            if isinstance(error_info, list) and status in error_info:\n                exception_class = getattr(ExceptionMapping, error_code, WebDriverException)\n                break\n        else:\n            exception_class = WebDriverException\n    \n        if not value:\n            value = response[\"value\"]\n        if isinstance(value, str):\n            raise exception_class(value)\n        if message == \"\" and \"message\" in value:\n            message = value[\"message\"]\n    \n        screen = None  # type: ignore[assignment]\n        if \"screen\" in value:\n            screen = value[\"screen\"]\n    \n        stacktrace = None\n        st_value = value.get(\"stackTrace\") or value.get(\"stacktrace\")\n        if st_value:\n            if isinstance(st_value, str):\n                stacktrace = st_value.split(\"\\n\")\n            else:\n                stacktrace = []\n                try:\n                    for frame in st_value:\n                        line = frame.get(\"lineNumber\", \"\")\n                        file = frame.get(\"fileName\", \"<anonymous>\")\n                        if line:\n                            file = f\"{file}:{line}\"\n                        meth = frame.get(\"methodName\", \"<anonymous>\")\n                        if \"className\" in frame:\n                            meth = f\"{frame['className']}.{meth}\"\n                        msg = \"    at %s (%s)\"\n                        msg = msg % (meth, file)\n                        stacktrace.append(msg)\n                except TypeError:\n                    pass\n        if exception_class == UnexpectedAlertPresentException:\n            alert_text = None\n            if \"data\" in value:\n                alert_text = value[\"data\"].get(\"text\")\n            elif \"alert\" in value:\n                alert_text = value[\"alert\"].get(\"text\")\n            raise exception_class(message, screen, stacktrace, alert_text)  # type: ignore[call-arg]  # mypy is not smart enough here\n>       raise exception_class(message, screen, stacktrace)\nE       selenium.common.exceptions.ElementNotInteractableException: Message: element not interactable\nE         (Session info: chrome=121.0.6167.185)\nE       Stacktrace:\nE       \tGetHandleVerifier [0x00007FF6A41A7012+3522402]\nE       \t(No symbol) [0x00007FF6A3DC8352]\nE       \t(No symbol) [0x00007FF6A3C7596D]\nE       \t(No symbol) [0x00007FF6A3CBD3C6]\nE       \t(No symbol) [0x00007FF6A3CB1910]\nE       \t(No symbol) [0x00007FF6A3CDF05A]\nE       \t(No symbol) [0x00007FF6A3CB120A]\nE       \t(No symbol) [0x00007FF6A3CDF270]\nE       \t(No symbol) [0x00007FF6A3CFBDA3]\nE       \t(No symbol) [0x00007FF6A3CDEE03]\nE       \t(No symbol) [0x00007FF6A3CAF4D4]\nE       \t(No symbol) [0x00007FF6A3CB05F1]\nE       \tGetHandleVerifier [0x00007FF6A41D9B9D+3730157]\nE       \tGetHandleVerifier [0x00007FF6A422F02D+4079485]\nE       \tGetHandleVerifier [0x00007FF6A42275D3+4048163]\nE       \tGetHandleVerifier [0x00007FF6A3EFA649+718233]\nE       \t(No symbol) [0x00007FF6A3DD4A3F]\nE       \t(No symbol) [0x00007FF6A3DCFA94]\nE       \t(No symbol) [0x00007FF6A3DCFBC2]\nE       \t(No symbol) [0x00007FF6A3DBF2E4]\nE       \tBaseThreadInitThunk [0x00007FFDC91C7344+20]\nE       \tRtlUserThreadStart [0x00007FFDCA8626B1+33]\n\n..\\..\\venv\\Lib\\site-packages\\selenium\\webdriver\\remote\\errorhandler.py:229: ElementNotInteractableException"}, "description": "Verify error messages for required fields when submitting a review without filling in mandatory information.", "steps": [{"name": "Navigate to the shirts collection, select an item, and submit review without filling required fields", "status": "broken", "statusDetails": {"message": "selenium.common.exceptions.ElementNotInteractableException: Message: element not interactable\n  (Session info: chrome=121.0.6167.185)\nStacktrace:\n\tGetHandleVerifier [0x00007FF6A41A7012+3522402]\n\t(No symbol) [0x00007FF6A3DC8352]\n\t(No symbol) [0x00007FF6A3C7596D]\n\t(No symbol) [0x00007FF6A3CBD3C6]\n\t(No symbol) [0x00007FF6A3CB1910]\n\t(No symbol) [0x00007FF6A3CDF05A]\n\t(No symbol) [0x00007FF6A3CB120A]\n\t(No symbol) [0x00007FF6A3CDF270]\n\t(No symbol) [0x00007FF6A3CFBDA3]\n\t(No symbol) [0x00007FF6A3CDEE03]\n\t(No symbol) [0x00007FF6A3CAF4D4]\n\t(No symbol) [0x00007FF6A3CB05F1]\n\tGetHandleVerifier [0x00007FF6A41D9B9D+3730157]\n\tGetHandleVerifier [0x00007FF6A422F02D+4079485]\n\tGetHandleVerifier [0x00007FF6A42275D3+4048163]\n\tGetHandleVerifier [0x00007FF6A3EFA649+718233]\n\t(No symbol) [0x00007FF6A3DD4A3F]\n\t(No symbol) [0x00007FF6A3DCFA94]\n\t(No symbol) [0x00007FF6A3DCFBC2]\n\t(No symbol) [0x00007FF6A3DBF2E4]\n\tBaseThreadInitThunk [0x00007FFDC91C7344+20]\n\tRtlUserThreadStart [0x00007FFDCA8626B1+33]\n\n", "trace": "  File \"C:\\Users\\achiy\\Desktop\\MadisonWeb_auto\\MadisonWeb\\tests\\item\\review_required_fields.py\", line 34, in test_review_required_fields\n    self.item_page.click_review_link()\n  File \"C:\\Users\\achiy\\Desktop\\MadisonWeb_auto\\MadisonWeb\\venv\\Lib\\site-packages\\allure_commons\\_allure.py\", line 192, in impl\n    return func(*a, **kw)\n           ^^^^^^^^^^^^^^\n  File \"C:\\Users\\achiy\\Desktop\\MadisonWeb_auto\\MadisonWeb\\pages\\item_page.py\", line 89, in click_review_link\n    self.click(self.REVIEW_LINK)\n  File \"C:\\Users\\achiy\\Desktop\\MadisonWeb_auto\\MadisonWeb\\pages\\base_page.py\", line 33, in click\n    self.wait_for_element(locator).click()\n  File \"C:\\Users\\achiy\\Desktop\\MadisonWeb_auto\\MadisonWeb\\venv\\Lib\\site-packages\\selenium\\webdriver\\remote\\webelement.py\", line 94, in click\n    self._execute(Command.CLICK_ELEMENT)\n  File \"C:\\Users\\achiy\\Desktop\\MadisonWeb_auto\\MadisonWeb\\venv\\Lib\\site-packages\\selenium\\webdriver\\remote\\webelement.py\", line 395, in _execute\n    return self._parent.execute(command, params)\n           ^^^^^^^^^^^^^^^^^^^^^^^^^^^^^^^^^^^^^\n  File \"C:\\Users\\achiy\\Desktop\\MadisonWeb_auto\\MadisonWeb\\venv\\Lib\\site-packages\\selenium\\webdriver\\remote\\webdriver.py\", line 345, in execute\n    self.error_handler.check_response(response)\n  File \"C:\\Users\\achiy\\Desktop\\MadisonWeb_auto\\MadisonWeb\\venv\\Lib\\site-packages\\selenium\\webdriver\\remote\\errorhandler.py\", line 229, in check_response\n    raise exception_class(message, screen, stacktrace)\n"}, "steps": [{"name": "Click on the ''Shirts'' Link", "status": "passed", "parameters": [{"name": "collection", "value": "'Shirts'"}], "start": 1708392974460, "stop": 1708392976470}, {"name": "Click on the ''Plaid Cotton Shirt'' item", "status": "passed", "parameters": [{"name": "item", "value": "'Plaid Cotton Shirt'"}], "start": 1708392976470, "stop": 1708392978669}, {"name": "Click on the 'Review' Link", "status": "broken", "statusDetails": {"message": "selenium.common.exceptions.ElementNotInteractableException: Message: element not interactable\n  (Session info: chrome=121.0.6167.185)\nStacktrace:\n\tGetHandleVerifier [0x00007FF6A41A7012+3522402]\n\t(No symbol) [0x00007FF6A3DC8352]\n\t(No symbol) [0x00007FF6A3C7596D]\n\t(No symbol) [0x00007FF6A3CBD3C6]\n\t(No symbol) [0x00007FF6A3CB1910]\n\t(No symbol) [0x00007FF6A3CDF05A]\n\t(No symbol) [0x00007FF6A3CB120A]\n\t(No symbol) [0x00007FF6A3CDF270]\n\t(No symbol) [0x00007FF6A3CFBDA3]\n\t(No symbol) [0x00007FF6A3CDEE03]\n\t(No symbol) [0x00007FF6A3CAF4D4]\n\t(No symbol) [0x00007FF6A3CB05F1]\n\tGetHandleVerifier [0x00007FF6A41D9B9D+3730157]\n\tGetHandleVerifier [0x00007FF6A422F02D+4079485]\n\tGetHandleVerifier [0x00007FF6A42275D3+4048163]\n\tGetHandleVerifier [0x00007FF6A3EFA649+718233]\n\t(No symbol) [0x00007FF6A3DD4A3F]\n\t(No symbol) [0x00007FF6A3DCFA94]\n\t(No symbol) [0x00007FF6A3DCFBC2]\n\t(No symbol) [0x00007FF6A3DBF2E4]\n\tBaseThreadInitThunk [0x00007FFDC91C7344+20]\n\tRtlUserThreadStart [0x00007FFDCA8626B1+33]\n\n", "trace": "  File \"C:\\Users\\achiy\\Desktop\\MadisonWeb_auto\\MadisonWeb\\venv\\Lib\\site-packages\\allure_commons\\_allure.py\", line 192, in impl\n    return func(*a, **kw)\n           ^^^^^^^^^^^^^^\n  File \"C:\\Users\\achiy\\Desktop\\MadisonWeb_auto\\MadisonWeb\\pages\\item_page.py\", line 89, in click_review_link\n    self.click(self.REVIEW_LINK)\n  File \"C:\\Users\\achiy\\Desktop\\MadisonWeb_auto\\MadisonWeb\\pages\\base_page.py\", line 33, in click\n    self.wait_for_element(locator).click()\n  File \"C:\\Users\\achiy\\Desktop\\MadisonWeb_auto\\MadisonWeb\\venv\\Lib\\site-packages\\selenium\\webdriver\\remote\\webelement.py\", line 94, in click\n    self._execute(Command.CLICK_ELEMENT)\n  File \"C:\\Users\\achiy\\Desktop\\MadisonWeb_auto\\MadisonWeb\\venv\\Lib\\site-packages\\selenium\\webdriver\\remote\\webelement.py\", line 395, in _execute\n    return self._parent.execute(command, params)\n           ^^^^^^^^^^^^^^^^^^^^^^^^^^^^^^^^^^^^^\n  File \"C:\\Users\\achiy\\Desktop\\MadisonWeb_auto\\MadisonWeb\\venv\\Lib\\site-packages\\selenium\\webdriver\\remote\\webdriver.py\", line 345, in execute\n    self.error_handler.check_response(response)\n  File \"C:\\Users\\achiy\\Desktop\\MadisonWeb_auto\\MadisonWeb\\venv\\Lib\\site-packages\\selenium\\webdriver\\remote\\errorhandler.py\", line 229, in check_response\n    raise exception_class(message, screen, stacktrace)\n"}, "start": 1708392978669, "stop": 1708392978709}], "start": 1708392974460, "stop": 1708392978713}], "attachments": [{"name": "Test Description", "source": "7f052c63-91ba-48f5-b423-dc95013dd6d2-attachment.attach"}], "start": 1708392974458, "stop": 1708392978715, "uuid": "ea733492-8fc9-49e3-ac02-f62feda76c70", "historyId": "f47651d521a529a02f1ee98a902996dc", "testCaseId": "f47651d521a529a02f1ee98a902996dc", "fullName": "review_required_fields.TestReviewRequiredFields#test_review_required_fields", "labels": [{"name": "severity", "value": "critical"}, {"name": "feature", "value": "Review Functionality"}, {"name": "epic", "value": "User Shopping"}, {"name": "story", "value": "Review - Required Fields"}, {"name": "suite", "value": "review_required_fields"}, {"name": "subSuite", "value": "TestReviewRequiredFields"}, {"name": "host", "value": "LAPTOP-V5QEKNGK"}, {"name": "thread", "value": "15880-MainThread"}, {"name": "framework", "value": "pytest"}, {"name": "language", "value": "cpython3"}, {"name": "package", "value": "review_required_fields"}]}