{"name": "Remove item from cart", "status": "broken", "statusDetails": {"message": "selenium.common.exceptions.TimeoutException: Message: \nStacktrace:\n\tGetHandleVerifier [0x00007FF6A41A7012+3522402]\n\t(No symbol) [0x00007FF6A3DC8352]\n\t(No symbol) [0x00007FF6A3C75ABB]\n\t(No symbol) [0x00007FF6A3CBBF0E]\n\t(No symbol) [0x00007FF6A3CBC08C]\n\t(No symbol) [0x00007FF6A3CFE437]\n\t(No symbol) [0x00007FF6A3CDF09F]\n\t(No symbol) [0x00007FF6A3CFBDA3]\n\t(No symbol) [0x00007FF6A3CDEE03]\n\t(No symbol) [0x00007FF6A3CAF4D4]\n\t(No symbol) [0x00007FF6A3CB05F1]\n\tGetHandleVerifier [0x00007FF6A41D9B9D+3730157]\n\tGetHandleVerifier [0x00007FF6A422F02D+4079485]\n\tGetHandleVerifier [0x00007FF6A42275D3+4048163]\n\tGetHandleVerifier [0x00007FF6A3EFA649+718233]\n\t(No symbol) [0x00007FF6A3DD4A3F]\n\t(No symbol) [0x00007FF6A3DCFA94]\n\t(No symbol) [0x00007FF6A3DCFBC2]\n\t(No symbol) [0x00007FF6A3DBF2E4]\n\tBaseThreadInitThunk [0x00007FFDC91C7344+20]\n\tRtlUserThreadStart [0x00007FFDCA8626B1+33]", "trace": "self = <remove_item.TestRemoveItem object at 0x00000218EBFBAF60>\n\n    @allure.title('Remove item from cart')\n    @allure.description('Remove an item from the cart and verify the updated number of items.')\n    @allure.severity(allure.severity_level.NORMAL)\n    def test_remove_item_from_cart(self):\n        allure.attach(\n            'This test removes an item from the cart and verifies the updated number of items.',\n            'Test Description'\n        )\n        with allure.step(\"Remove an item from the cart\"):\n>           self.cart_page.click_remove(Items.STRETCH_COTTON_BLAZER)\n\nremove_item.py:60: \n_ _ _ _ _ _ _ _ _ _ _ _ _ _ _ _ _ _ _ _ _ _ _ _ _ _ _ _ _ _ _ _ _ _ _ _ _ _ _ _\n..\\..\\pages\\cart_page.py:60: in click_remove\n    self.click_with_element(locator, self.REMOVE_BTN)\n..\\..\\pages\\base_page.py:41: in click_with_element\n    element = self.wait_for_element(parent_locator)\n..\\..\\pages\\base_page.py:20: in wait_for_element\n    return WebDriverWait(self.driver, 10).until(ec.presence_of_element_located(locator))\n_ _ _ _ _ _ _ _ _ _ _ _ _ _ _ _ _ _ _ _ _ _ _ _ _ _ _ _ _ _ _ _ _ _ _ _ _ _ _ _\n\nself = <selenium.webdriver.support.wait.WebDriverWait (session=\"62540c01c808ccd968055e278c380e69\")>\nmethod = <function presence_of_element_located.<locals>._predicate at 0x00000218EBFEDF80>\nmessage = ''\n\n    def until(self, method, message: str = \"\"):\n        \"\"\"Calls the method provided with the driver as an argument until the \\\n        return value does not evaluate to ``False``.\n    \n        :param method: callable(WebDriver)\n        :param message: optional message for :exc:`TimeoutException`\n        :returns: the result of the last call to `method`\n        :raises: :exc:`selenium.common.exceptions.TimeoutException` if timeout occurs\n        \"\"\"\n        screen = None\n        stacktrace = None\n    \n        end_time = time.monotonic() + self._timeout\n        while True:\n            try:\n                value = method(self._driver)\n                if value:\n                    return value\n            except self._ignored_exceptions as exc:\n                screen = getattr(exc, \"screen\", None)\n                stacktrace = getattr(exc, \"stacktrace\", None)\n            time.sleep(self._poll)\n            if time.monotonic() > end_time:\n                break\n>       raise TimeoutException(message, screen, stacktrace)\nE       selenium.common.exceptions.TimeoutException: Message: \nE       Stacktrace:\nE       \tGetHandleVerifier [0x00007FF6A41A7012+3522402]\nE       \t(No symbol) [0x00007FF6A3DC8352]\nE       \t(No symbol) [0x00007FF6A3C75ABB]\nE       \t(No symbol) [0x00007FF6A3CBBF0E]\nE       \t(No symbol) [0x00007FF6A3CBC08C]\nE       \t(No symbol) [0x00007FF6A3CFE437]\nE       \t(No symbol) [0x00007FF6A3CDF09F]\nE       \t(No symbol) [0x00007FF6A3CFBDA3]\nE       \t(No symbol) [0x00007FF6A3CDEE03]\nE       \t(No symbol) [0x00007FF6A3CAF4D4]\nE       \t(No symbol) [0x00007FF6A3CB05F1]\nE       \tGetHandleVerifier [0x00007FF6A41D9B9D+3730157]\nE       \tGetHandleVerifier [0x00007FF6A422F02D+4079485]\nE       \tGetHandleVerifier [0x00007FF6A42275D3+4048163]\nE       \tGetHandleVerifier [0x00007FF6A3EFA649+718233]\nE       \t(No symbol) [0x00007FF6A3DD4A3F]\nE       \t(No symbol) [0x00007FF6A3DCFA94]\nE       \t(No symbol) [0x00007FF6A3DCFBC2]\nE       \t(No symbol) [0x00007FF6A3DBF2E4]\nE       \tBaseThreadInitThunk [0x00007FFDC91C7344+20]\nE       \tRtlUserThreadStart [0x00007FFDCA8626B1+33]\n\n..\\..\\venv\\Lib\\site-packages\\selenium\\webdriver\\support\\wait.py:95: TimeoutException"}, "description": "Remove an item from the cart and verify the updated number of items.", "steps": [{"name": "Remove an item from the cart", "status": "broken", "statusDetails": {"message": "selenium.common.exceptions.TimeoutException: Message: \nStacktrace:\n\tGetHandleVerifier [0x00007FF6A41A7012+3522402]\n\t(No symbol) [0x00007FF6A3DC8352]\n\t(No symbol) [0x00007FF6A3C75ABB]\n\t(No symbol) [0x00007FF6A3CBBF0E]\n\t(No symbol) [0x00007FF6A3CBC08C]\n\t(No symbol) [0x00007FF6A3CFE437]\n\t(No symbol) [0x00007FF6A3CDF09F]\n\t(No symbol) [0x00007FF6A3CFBDA3]\n\t(No symbol) [0x00007FF6A3CDEE03]\n\t(No symbol) [0x00007FF6A3CAF4D4]\n\t(No symbol) [0x00007FF6A3CB05F1]\n\tGetHandleVerifier [0x00007FF6A41D9B9D+3730157]\n\tGetHandleVerifier [0x00007FF6A422F02D+4079485]\n\tGetHandleVerifier [0x00007FF6A42275D3+4048163]\n\tGetHandleVerifier [0x00007FF6A3EFA649+718233]\n\t(No symbol) [0x00007FF6A3DD4A3F]\n\t(No symbol) [0x00007FF6A3DCFA94]\n\t(No symbol) [0x00007FF6A3DCFBC2]\n\t(No symbol) [0x00007FF6A3DBF2E4]\n\tBaseThreadInitThunk [0x00007FFDC91C7344+20]\n\tRtlUserThreadStart [0x00007FFDCA8626B1+33]\n\n", "trace": "  File \"C:\\Users\\achiy\\Desktop\\MadisonWeb_auto\\MadisonWeb\\tests\\cart\\remove_item.py\", line 60, in test_remove_item_from_cart\n    self.cart_page.click_remove(Items.STRETCH_COTTON_BLAZER)\n  File \"C:\\Users\\achiy\\Desktop\\MadisonWeb_auto\\MadisonWeb\\venv\\Lib\\site-packages\\allure_commons\\_allure.py\", line 192, in impl\n    return func(*a, **kw)\n           ^^^^^^^^^^^^^^\n  File \"C:\\Users\\achiy\\Desktop\\MadisonWeb_auto\\MadisonWeb\\pages\\cart_page.py\", line 60, in click_remove\n    self.click_with_element(locator, self.REMOVE_BTN)\n  File \"C:\\Users\\achiy\\Desktop\\MadisonWeb_auto\\MadisonWeb\\pages\\base_page.py\", line 41, in click_with_element\n    element = self.wait_for_element(parent_locator)\n              ^^^^^^^^^^^^^^^^^^^^^^^^^^^^^^^^^^^^^\n  File \"C:\\Users\\achiy\\Desktop\\MadisonWeb_auto\\MadisonWeb\\pages\\base_page.py\", line 20, in wait_for_element\n    return WebDriverWait(self.driver, 10).until(ec.presence_of_element_located(locator))\n           ^^^^^^^^^^^^^^^^^^^^^^^^^^^^^^^^^^^^^^^^^^^^^^^^^^^^^^^^^^^^^^^^^^^^^^^^^^^^^\n  File \"C:\\Users\\achiy\\Desktop\\MadisonWeb_auto\\MadisonWeb\\venv\\Lib\\site-packages\\selenium\\webdriver\\support\\wait.py\", line 95, in until\n    raise TimeoutException(message, screen, stacktrace)\n"}, "steps": [{"name": "Click on 'Remove' button", "status": "broken", "statusDetails": {"message": "selenium.common.exceptions.TimeoutException: Message: \nStacktrace:\n\tGetHandleVerifier [0x00007FF6A41A7012+3522402]\n\t(No symbol) [0x00007FF6A3DC8352]\n\t(No symbol) [0x00007FF6A3C75ABB]\n\t(No symbol) [0x00007FF6A3CBBF0E]\n\t(No symbol) [0x00007FF6A3CBC08C]\n\t(No symbol) [0x00007FF6A3CFE437]\n\t(No symbol) [0x00007FF6A3CDF09F]\n\t(No symbol) [0x00007FF6A3CFBDA3]\n\t(No symbol) [0x00007FF6A3CDEE03]\n\t(No symbol) [0x00007FF6A3CAF4D4]\n\t(No symbol) [0x00007FF6A3CB05F1]\n\tGetHandleVerifier [0x00007FF6A41D9B9D+3730157]\n\tGetHandleVerifier [0x00007FF6A422F02D+4079485]\n\tGetHandleVerifier [0x00007FF6A42275D3+4048163]\n\tGetHandleVerifier [0x00007FF6A3EFA649+718233]\n\t(No symbol) [0x00007FF6A3DD4A3F]\n\t(No symbol) [0x00007FF6A3DCFA94]\n\t(No symbol) [0x00007FF6A3DCFBC2]\n\t(No symbol) [0x00007FF6A3DBF2E4]\n\tBaseThreadInitThunk [0x00007FFDC91C7344+20]\n\tRtlUserThreadStart [0x00007FFDCA8626B1+33]\n\n", "trace": "  File \"C:\\Users\\achiy\\Desktop\\MadisonWeb_auto\\MadisonWeb\\venv\\Lib\\site-packages\\allure_commons\\_allure.py\", line 192, in impl\n    return func(*a, **kw)\n           ^^^^^^^^^^^^^^\n  File \"C:\\Users\\achiy\\Desktop\\MadisonWeb_auto\\MadisonWeb\\pages\\cart_page.py\", line 60, in click_remove\n    self.click_with_element(locator, self.REMOVE_BTN)\n  File \"C:\\Users\\achiy\\Desktop\\MadisonWeb_auto\\MadisonWeb\\pages\\base_page.py\", line 41, in click_with_element\n    element = self.wait_for_element(parent_locator)\n              ^^^^^^^^^^^^^^^^^^^^^^^^^^^^^^^^^^^^^\n  File \"C:\\Users\\achiy\\Desktop\\MadisonWeb_auto\\MadisonWeb\\pages\\base_page.py\", line 20, in wait_for_element\n    return WebDriverWait(self.driver, 10).until(ec.presence_of_element_located(locator))\n           ^^^^^^^^^^^^^^^^^^^^^^^^^^^^^^^^^^^^^^^^^^^^^^^^^^^^^^^^^^^^^^^^^^^^^^^^^^^^^\n  File \"C:\\Users\\achiy\\Desktop\\MadisonWeb_auto\\MadisonWeb\\venv\\Lib\\site-packages\\selenium\\webdriver\\support\\wait.py\", line 95, in until\n    raise TimeoutException(message, screen, stacktrace)\n"}, "parameters": [{"name": "item", "value": "'Stretch Cotton Blazer'"}], "start": 1708392274128, "stop": 1708392284454}], "start": 1708392274128, "stop": 1708392284458}], "attachments": [{"name": "Test Description", "source": "1906fdc9-c6fd-4140-9239-a2007808b1f1-attachment.attach"}], "start": 1708392274128, "stop": 1708392284461, "uuid": "26759ffa-8a58-4b5f-be0f-c359c2408298", "historyId": "392565d08ebf70a25a054e8dd56a9cfe", "testCaseId": "392565d08ebf70a25a054e8dd56a9cfe", "fullName": "remove_item.TestRemoveItem#test_remove_item_from_cart", "labels": [{"name": "story", "value": "Remove item"}, {"name": "feature", "value": "cart Management"}, {"name": "severity", "value": "normal"}, {"name": "epic", "value": "User Shopping"}, {"name": "suite", "value": "remove_item"}, {"name": "subSuite", "value": "TestRemoveItem"}, {"name": "host", "value": "LAPTOP-V5QEKNGK"}, {"name": "thread", "value": "21864-MainThread"}, {"name": "framework", "value": "pytest"}, {"name": "language", "value": "cpython3"}, {"name": "package", "value": "remove_item"}]}